Build started 26-09-17 05:59:00 PM.
     1>Project "D:\rnd\BST1\src\src.vcxproj" on node 2 (Build target(s)).
     1>ClCompile:
         D:\visual studio\VC\bin\CL.exe /c /ZI /nologo /W3 /WX- /sdl /Od /Oy- /D WIN32 /D _DEBUG /D _CONSOLE /D _LIB /D _UNICODE /D UNICODE /Gm /EHsc /RTC1 /MDd /GS /fp:precise /Zc:wchar_t /Zc:forScope /Fo"Debug\\" /Fd"Debug\vc120.pdb" /Gd /TP /analyze- /errorReport:prompt FixBST.cpp
         FixBST.cpp
     1>d:\rnd\bst1\src\fixbst.cpp(77): error C2059: syntax error : ')'
     1>Done Building Project "D:\rnd\BST1\src\src.vcxproj" (Build target(s)) -- FAILED.

Build FAILED.

Time Elapsed 00:00:01.59
